
> react-typescript-starter@0.1.0 test
> react-scripts test --coverage

Browserslist: caniuse-lite is outdated. Please run:
  npx browserslist@latest --update-db
  Why you should do it regularly: https://github.com/browserslist/browserslist#browsers-data-updating
PASS src/App.test.tsx
  ✓ renders the course name somewhere (31 ms)

-------------------|---------|----------|---------|---------|-------------------
File               | % Stmts | % Branch | % Funcs | % Lines | Uncovered Line #s 
-------------------|---------|----------|---------|---------|-------------------
All files          |    1.44 |        0 |    4.76 |    1.51 |                   
 src               |     3.7 |        0 |    8.33 |     3.7 |                   
  App.tsx          |     100 |      100 |     100 |     100 |                   
  BackgroundDD.tsx |       0 |        0 |       0 |       0 | 9-41              
  DropDown.tsx     |       0 |      100 |       0 |       0 | 9-21              
  Layout.tsx       |       0 |      100 |       0 |       0 | 7-9               
  Overlay.tsx      |       0 |      100 |       0 |       0 | 7-8               
  PopUpSlider.tsx  |       0 |        0 |       0 |       0 | 11-21             
 src/Interface     |       0 |      100 |       0 |       0 |                   
  Pokemon.tsx      |       0 |        0 |       0 |       0 |                   
  PokemonItem.tsx  |       0 |      100 |       0 |       0 | 7-11              
  PokemonList.tsx  |       0 |      100 |       0 |       0 | 7-11              
  data.ts          |       0 |      100 |     100 |       0 | 33                
 src/hooks         |       0 |        0 |       0 |       0 |                   
  useDragger.ts    |       0 |        0 |       0 |       0 | 5-62              
-------------------|---------|----------|---------|---------|-------------------
Test Suites: 1 passed, 1 total
Tests:       1 passed, 1 total
Snapshots:   0 total
Time:        2.143 s
Ran all test suites.
